[2024-12-26 22:29:46] success {"task_name": "Install", "message": "seahorse: Already installed.", "comment": ""}
[2024-12-26 22:29:46] success {"task_name": "Install", "message": "langpacks-ar: Already installed.", "comment": ""}
[2024-12-26 22:29:46] success {"task_name": "Install", "message": "timeshift: Already installed.", "comment": ""}
[2024-12-26 22:29:47] success {"task_name": "Install", "message": "ntpsec: Already installed.", "comment": ""}
[2024-12-26 22:29:47] success {"task_name": "Install", "message": "dunst: Already installed.", "comment": ""}
[2024-12-26 22:29:48] success {"task_name": "Install", "message": "gnome-software: Already installed.", "comment": ""}
[2024-12-26 22:29:48] success {"task_name": "Install", "message": "dolphin: Already installed.", "comment": ""}
[2024-12-26 22:29:48] success {"task_name": "Install", "message": "ark: Already installed.", "comment": ""}
[2024-12-26 22:29:49] success {"task_name": "Install", "message": "flameshot: Already installed.", "comment": ""}
[2024-12-26 22:29:49] success {"task_name": "Install", "message": "kwrite: Already installed.", "comment": ""}
[2024-12-26 22:29:50] success {"task_name": "Install", "message": "python3-devel: Already installed.", "comment": ""}
[2024-12-26 22:29:50] success {"task_name": "Install", "message": "gcc: Already installed.", "comment": ""}
[2024-12-26 22:29:52] error {"task_name": "Install", "message": "pytest: Is not available.", "comment": ""}
[2024-12-26 22:29:52] success {"task_name": "Install", "message": "easyeffects: Already installed.", "comment": ""}
[2024-12-26 22:29:52] success {"task_name": "Install", "message": "bleachbit: Already installed.", "comment": ""}
[2024-12-26 22:29:53] success {"task_name": "Install", "message": "copyq: Already installed.", "comment": ""}
[2024-12-26 22:29:53] success {"task_name": "Install", "message": "git: Already installed.", "comment": ""}
[2024-12-26 22:29:54] success {"task_name": "Install", "message": "neofetch: Already installed.", "comment": ""}
[2024-12-26 22:29:54] success {"task_name": "Install", "message": "vlc: Already installed.", "comment": ""}
[2024-12-26 22:29:54] success {"task_name": "Install", "message": "mpv: Already installed.", "comment": ""}
[2024-12-26 22:29:55] success {"task_name": "Install", "message": "qbittorrent: Already installed.", "comment": ""}
[2024-12-26 22:29:55] success {"task_name": "Install", "message": "thunderbird: Already installed.", "comment": ""}
[2024-12-26 22:29:56] success {"task_name": "Install", "message": "ulauncher: Already installed.", "comment": ""}
[2024-12-26 22:29:56] success {"task_name": "Install", "message": "gimp: Already installed.", "comment": ""}
[2024-12-26 22:29:57] success {"task_name": "Install", "message": "inkscape: Already installed.", "comment": ""}
[2024-12-26 22:29:57] success {"task_name": "Install", "message": "krita: Already installed.", "comment": ""}
[2024-12-26 22:29:57] success {"task_name": "Install", "message": "shotwell: Already installed.", "comment": ""}
[2024-12-26 22:29:58] success {"task_name": "Install", "message": "qalculate-gtk: Already installed.", "comment": ""}
[2024-12-26 22:29:58] success {"task_name": "Install", "message": "obs-studio: Already installed.", "comment": ""}
[2024-12-26 22:29:59] success {"task_name": "Install", "message": "gnome-disk-utility: Already installed.", "comment": ""}
[2024-12-26 22:29:59] success {"task_name": "Install", "message": "sysmontask: Already installed.", "comment": ""}
[2024-12-26 22:29:59] success {"task_name": "Install", "message": "htop: Already installed.", "comment": ""}
[2024-12-26 22:30:00] success {"task_name": "Install", "message": "hplip: Already installed.", "comment": ""}
[2024-12-26 22:30:00] success {"task_name": "Install", "message": "hplip-gui: Already installed.", "comment": ""}
[2024-12-26 22:30:01] success {"task_name": "Install", "message": "cups: Already installed.", "comment": ""}
[2024-12-26 22:30:01] success {"task_name": "Install", "message": "trash-cli: Already installed.", "comment": ""}
[2024-12-26 22:30:01] success {"task_name": "Install", "message": "xournalpp: Already installed.", "comment": ""}
