[2024-12-26 22:47:21] success {"task_name": "Install", "message": "seahorse: Already installed.", "comment": ""}
[2024-12-26 22:47:22] success {"task_name": "Install", "message": "langpacks-ar: Already installed.", "comment": ""}
[2024-12-26 22:47:22] success {"task_name": "Install", "message": "timeshift: Already installed.", "comment": ""}
[2024-12-26 22:47:23] success {"task_name": "Install", "message": "ntpsec: Already installed.", "comment": ""}
[2024-12-26 22:47:23] success {"task_name": "Install", "message": "dunst: Already installed.", "comment": ""}
[2024-12-26 22:47:24] success {"task_name": "Install", "message": "gnome-software: Already installed.", "comment": ""}
[2024-12-26 22:47:24] success {"task_name": "Install", "message": "dolphin: Already installed.", "comment": ""}
[2024-12-26 22:47:24] success {"task_name": "Install", "message": "ark: Already installed.", "comment": ""}
[2024-12-26 22:47:25] success {"task_name": "Install", "message": "flameshot: Already installed.", "comment": ""}
[2024-12-26 22:47:25] success {"task_name": "Install", "message": "kwrite: Already installed.", "comment": ""}
[2024-12-26 22:47:26] success {"task_name": "Install", "message": "python3-devel: Already installed.", "comment": ""}
[2024-12-26 22:47:26] success {"task_name": "Install", "message": "gcc: Already installed.", "comment": ""}
[2024-12-26 22:47:28] error {"task_name": "Install", "message": "pytest: Is not available.", "comment": ""}
[2024-12-26 22:47:28] success {"task_name": "Install", "message": "easyeffects: Already installed.", "comment": ""}
[2024-12-26 22:47:29] success {"task_name": "Install", "message": "bleachbit: Already installed.", "comment": ""}
[2024-12-26 22:47:29] success {"task_name": "Install", "message": "copyq: Already installed.", "comment": ""}
[2024-12-26 22:47:29] success {"task_name": "Install", "message": "git: Already installed.", "comment": ""}
[2024-12-26 22:47:30] success {"task_name": "Install", "message": "neofetch: Already installed.", "comment": ""}
[2024-12-26 22:47:30] success {"task_name": "Install", "message": "vlc: Already installed.", "comment": ""}
[2024-12-26 22:47:31] success {"task_name": "Install", "message": "mpv: Already installed.", "comment": ""}
[2024-12-26 22:47:31] success {"task_name": "Install", "message": "qbittorrent: Already installed.", "comment": ""}
[2024-12-26 22:47:31] success {"task_name": "Install", "message": "thunderbird: Already installed.", "comment": ""}
[2024-12-26 22:47:32] success {"task_name": "Install", "message": "ulauncher: Already installed.", "comment": ""}
[2024-12-26 22:47:32] success {"task_name": "Install", "message": "gimp: Already installed.", "comment": ""}
[2024-12-26 22:47:33] success {"task_name": "Install", "message": "inkscape: Already installed.", "comment": ""}
[2024-12-26 22:47:33] success {"task_name": "Install", "message": "krita: Already installed.", "comment": ""}
[2024-12-26 22:47:33] success {"task_name": "Install", "message": "shotwell: Already installed.", "comment": ""}
[2024-12-26 22:47:34] success {"task_name": "Install", "message": "qalculate-gtk: Already installed.", "comment": ""}
[2024-12-26 22:47:34] success {"task_name": "Install", "message": "obs-studio: Already installed.", "comment": ""}
[2024-12-26 22:47:35] success {"task_name": "Install", "message": "gnome-disk-utility: Already installed.", "comment": ""}
[2024-12-26 22:47:35] success {"task_name": "Install", "message": "sysmontask: Already installed.", "comment": ""}
[2024-12-26 22:47:35] success {"task_name": "Install", "message": "htop: Already installed.", "comment": ""}
[2024-12-26 22:47:36] success {"task_name": "Install", "message": "hplip: Already installed.", "comment": ""}
[2024-12-26 22:47:36] success {"task_name": "Install", "message": "hplip-gui: Already installed.", "comment": ""}
[2024-12-26 22:47:37] success {"task_name": "Install", "message": "cups: Already installed.", "comment": ""}
[2024-12-26 22:47:37] success {"task_name": "Install", "message": "trash-cli: Already installed.", "comment": ""}
[2024-12-26 22:47:38] success {"task_name": "Install", "message": "xournalpp: Already installed.", "comment": ""}
[2024-12-26 22:47:38] success {"task_name": "Flatpak", "message": "com.bitwarden.desktop: Already installed.", "comment": ""}
[2024-12-26 22:47:38] success {"task_name": "Flatpak", "message": "com.discordapp.Discord: Already installed.", "comment": ""}
[2024-12-26 22:47:38] success {"task_name": "Flatpak", "message": "net.cozic.joplin_desktop: Already installed.", "comment": ""}
[2024-12-26 22:47:38] success {"task_name": "Flatpak", "message": "com.spotify.Client: Already installed.", "comment": ""}
[2024-12-26 22:47:38] success {"task_name": "Flatpak", "message": "io.github.flattool.Warehouse: Already installed.", "comment": ""}
[2024-12-26 22:47:38] success {"task_name": "Flatpak", "message": "com.github.tchx84.Flatseal: Already installed.", "comment": ""}
[2024-12-26 22:47:38] success {"task_name": "Flatpak", "message": "org.onlyoffice.desktopeditors: Already installed.", "comment": ""}
[2024-12-26 22:47:38] success {"task_name": "Flatpak", "message": "org.kryogenix.Pick: Already installed.", "comment": ""}
[2024-12-26 22:47:38] success {"task_name": "Flatpak", "message": "io.missioncenter.MissionCenter: Already installed.", "comment": ""}
[2024-12-26 22:47:38] success {"task_name": "Flatpak", "message": "io.github.prateekmedia.appimagepool: Already installed.", "comment": ""}
[2024-12-26 22:47:47] success {"task_name": "Bash", "message": "Script has run: external - brave", "comment": ""}
[2024-12-26 22:47:51] success {"task_name": "Bash", "message": "Script has run: external - code", "comment": ""}
[2024-12-26 22:48:06] success {"task_name": "Bash", "message": "Script has run: external - codecs", "comment": ""}
[2024-12-26 22:48:16] success {"task_name": "Bash", "message": "Script has run: external - microsoft-fonts", "comment": ""}
[2024-12-26 22:48:16] error {"task_name": "Bash", "message": "Script has run:  bsp-layout is not found", "comment": ""}
[2024-12-26 22:48:21] success {"task_name": "Bash", "message": "Script has run: external - nvidia-drivers", "comment": ""}
[2024-12-26 22:48:23] success {"task_name": "Bash", "message": "Script has run: external - system", "comment": ""}
