[2024-12-13 01:37:09] success {"task_name": "Install", "message": "sddm: Already installed.", "comment": ""}
[2024-12-13 01:37:10] success {"task_name": "Install", "message": "materia-kde-sddm: Already installed.", "comment": ""}
[2024-12-13 01:37:10] success {"task_name": "Install", "message": "qt5-qtgraphicaleffects: Already installed.", "comment": ""}
[2024-12-13 01:37:11] success {"task_name": "Install", "message": "qt5-qtquickcontrols2: Already installed.", "comment": ""}
[2024-12-13 01:37:11] success {"task_name": "Install", "message": "qt5-qtsvg: Already installed.", "comment": ""}
[2024-12-13 01:37:11] success {"task_name": "Install", "message": "bspwm: Already installed.", "comment": ""}
[2024-12-13 01:37:12] success {"task_name": "Install", "message": "wmctrl: Already installed.", "comment": ""}
[2024-12-13 01:37:12] success {"task_name": "Install", "message": "i3lock: Already installed.", "comment": ""}
[2024-12-13 01:37:12] success {"task_name": "Install", "message": "xset: Already installed.", "comment": ""}
[2024-12-13 01:37:13] success {"task_name": "Install", "message": "xautolock: Already installed.", "comment": ""}
[2024-12-13 01:37:13] success {"task_name": "Install", "message": "xhost: Already installed.", "comment": ""}
[2024-12-13 01:37:14] success {"task_name": "Install", "message": "numlockx: Already installed.", "comment": ""}
[2024-12-13 01:37:14] success {"task_name": "Install", "message": "sxhkd: Already installed.", "comment": ""}
[2024-12-13 01:37:14] success {"task_name": "Install", "message": "xfce4-panel: Already installed.", "comment": ""}
[2024-12-13 01:37:15] success {"task_name": "Install", "message": "xfce4-notifyd: Already installed.", "comment": ""}
[2024-12-13 01:37:15] success {"task_name": "Install", "message": "xfce4-xkb-plugin: Already installed.", "comment": ""}
[2024-12-13 01:37:16] success {"task_name": "cmd", "message": " echo \"hi\" && sleep 5: Executed successfully.", "comment": ""}
[2024-12-13 01:37:16] success {"task_name": "Install", "message": "dmenu: Already installed.", "comment": ""}
[2024-12-13 01:37:16] success {"task_name": "Install", "message": "picom: Already installed.", "comment": ""}
[2024-12-13 01:37:17] success {"task_name": "Install", "message": "feh: Already installed.", "comment": ""}
[2024-12-13 01:37:17] success {"task_name": "Install", "message": "xsetroot: Already installed.", "comment": ""}
[2024-12-13 01:37:17] success {"task_name": "Install", "message": "alsa-utils: Already installed.", "comment": ""}
[2024-12-13 01:37:18] success {"task_name": "Install", "message": "alsa-lib: Already installed.", "comment": ""}
[2024-12-13 01:37:18] success {"task_name": "Install", "message": "pulseaudio-utils: Already installed.", "comment": ""}
[2024-12-13 01:37:19] success {"task_name": "Install", "message": "pavucontrol: Already installed.", "comment": ""}
[2024-12-13 01:37:19] success {"task_name": "Install", "message": "polkit-gnome: Already installed.", "comment": ""}
[2024-12-13 01:37:19] success {"task_name": "Install", "message": "gnome-keyring: Already installed.", "comment": ""}
[2024-12-13 01:37:20] success {"task_name": "Install", "message": "playerctl: Already installed.", "comment": ""}
[2024-12-13 01:37:20] success {"task_name": "Install", "message": "xdotool: Already installed.", "comment": ""}
[2024-12-13 01:37:20] success {"task_name": "Install", "message": "zsh: Already installed.", "comment": ""}
[2024-12-13 01:37:21] success {"task_name": "Install", "message": "flatpak: Already installed.", "comment": ""}
[2024-12-13 01:37:21] success {"task_name": "Install", "message": "adwaita-qt5: Already installed.", "comment": ""}
[2024-12-13 01:37:22] success {"task_name": "Install", "message": "adwaita-qt6: Already installed.", "comment": ""}
[2024-12-13 01:37:22] success {"task_name": "Install", "message": "arc-theme: Already installed.", "comment": ""}
[2024-12-13 01:37:22] success {"task_name": "Install", "message": "materia-kde: Already installed.", "comment": ""}
[2024-12-13 01:37:23] success {"task_name": "Install", "message": "materia-gtk-theme: Already installed.", "comment": ""}
[2024-12-13 01:37:23] success {"task_name": "Install", "message": "breeze-cursor-theme: Already installed.", "comment": ""}
[2024-12-13 01:37:24] success {"task_name": "Install", "message": "papirus-icon-theme: Already installed.", "comment": ""}
[2024-12-13 01:37:25] error {"task_name": "Install", "message": "oxygen-cursor-theme: Is not available.", "comment": ""}
[2024-12-13 01:37:26] success {"task_name": "Install", "message": "lxappearance: Already installed.", "comment": ""}
[2024-12-13 01:37:26] success {"task_name": "Install", "message": "qt5ct: Already installed.", "comment": ""}
[2024-12-13 01:37:26] success {"task_name": "Install", "message": "kvantum: Already installed.", "comment": ""}
