[2024-12-26 22:54:47] success {"task_name": "Install", "message": "seahorse: Already installed.", "comment": ""}
[2024-12-26 22:54:47] success {"task_name": "Install", "message": "langpacks-ar: Already installed.", "comment": ""}
[2024-12-26 22:54:48] success {"task_name": "Install", "message": "timeshift: Already installed.", "comment": ""}
[2024-12-26 22:54:48] success {"task_name": "Install", "message": "ntpsec: Already installed.", "comment": ""}
[2024-12-26 22:54:48] success {"task_name": "Install", "message": "dunst: Already installed.", "comment": ""}
[2024-12-26 22:54:49] success {"task_name": "Install", "message": "gnome-software: Already installed.", "comment": ""}
[2024-12-26 22:54:49] success {"task_name": "Install", "message": "dolphin: Already installed.", "comment": ""}
[2024-12-26 22:54:50] success {"task_name": "Install", "message": "ark: Already installed.", "comment": ""}
[2024-12-26 22:54:50] success {"task_name": "Install", "message": "flameshot: Already installed.", "comment": ""}
[2024-12-26 22:54:51] success {"task_name": "Install", "message": "kwrite: Already installed.", "comment": ""}
[2024-12-26 22:54:51] success {"task_name": "Install", "message": "python3-devel: Already installed.", "comment": ""}
[2024-12-26 22:54:51] success {"task_name": "Install", "message": "gcc: Already installed.", "comment": ""}
[2024-12-26 22:54:53] error {"task_name": "Install", "message": "pytest: Is not available.", "comment": ""}
[2024-12-26 22:54:53] success {"task_name": "Install", "message": "easyeffects: Already installed.", "comment": ""}
[2024-12-26 22:54:54] success {"task_name": "Install", "message": "bleachbit: Already installed.", "comment": ""}
[2024-12-26 22:54:54] success {"task_name": "Install", "message": "copyq: Already installed.", "comment": ""}
[2024-12-26 22:54:55] success {"task_name": "Install", "message": "git: Already installed.", "comment": ""}
[2024-12-26 22:54:55] success {"task_name": "Install", "message": "neofetch: Already installed.", "comment": ""}
[2024-12-26 22:54:55] success {"task_name": "Install", "message": "vlc: Already installed.", "comment": ""}
[2024-12-26 22:54:56] success {"task_name": "Install", "message": "mpv: Already installed.", "comment": ""}
[2024-12-26 22:54:56] success {"task_name": "Install", "message": "qbittorrent: Already installed.", "comment": ""}
[2024-12-26 22:54:57] success {"task_name": "Install", "message": "thunderbird: Already installed.", "comment": ""}
[2024-12-26 22:54:57] success {"task_name": "Install", "message": "ulauncher: Already installed.", "comment": ""}
[2024-12-26 22:54:57] success {"task_name": "Install", "message": "gimp: Already installed.", "comment": ""}
[2024-12-26 22:54:58] success {"task_name": "Install", "message": "inkscape: Already installed.", "comment": ""}
[2024-12-26 22:54:58] success {"task_name": "Install", "message": "krita: Already installed.", "comment": ""}
[2024-12-26 22:54:59] success {"task_name": "Install", "message": "shotwell: Already installed.", "comment": ""}
[2024-12-26 22:54:59] success {"task_name": "Install", "message": "qalculate-gtk: Already installed.", "comment": ""}
[2024-12-26 22:54:59] success {"task_name": "Install", "message": "obs-studio: Already installed.", "comment": ""}
[2024-12-26 22:55:00] success {"task_name": "Install", "message": "gnome-disk-utility: Already installed.", "comment": ""}
[2024-12-26 22:55:00] success {"task_name": "Install", "message": "sysmontask: Already installed.", "comment": ""}
[2024-12-26 22:55:01] success {"task_name": "Install", "message": "htop: Already installed.", "comment": ""}
[2024-12-26 22:55:01] success {"task_name": "Install", "message": "hplip: Already installed.", "comment": ""}
[2024-12-26 22:55:01] success {"task_name": "Install", "message": "hplip-gui: Already installed.", "comment": ""}
[2024-12-26 22:55:02] success {"task_name": "Install", "message": "cups: Already installed.", "comment": ""}
[2024-12-26 22:55:02] success {"task_name": "Install", "message": "trash-cli: Already installed.", "comment": ""}
[2024-12-26 22:55:03] success {"task_name": "Install", "message": "xournalpp: Already installed.", "comment": ""}
[2024-12-26 22:55:03] success {"task_name": "Flatpak", "message": "com.bitwarden.desktop: Already installed.", "comment": ""}
[2024-12-26 22:55:03] success {"task_name": "Flatpak", "message": "com.discordapp.Discord: Already installed.", "comment": ""}
[2024-12-26 22:55:03] success {"task_name": "Flatpak", "message": "net.cozic.joplin_desktop: Already installed.", "comment": ""}
[2024-12-26 22:55:03] success {"task_name": "Flatpak", "message": "com.spotify.Client: Already installed.", "comment": ""}
[2024-12-26 22:55:03] success {"task_name": "Flatpak", "message": "io.github.flattool.Warehouse: Already installed.", "comment": ""}
[2024-12-26 22:55:03] success {"task_name": "Flatpak", "message": "com.github.tchx84.Flatseal: Already installed.", "comment": ""}
[2024-12-26 22:55:03] success {"task_name": "Flatpak", "message": "org.onlyoffice.desktopeditors: Already installed.", "comment": ""}
[2024-12-26 22:55:03] success {"task_name": "Flatpak", "message": "org.kryogenix.Pick: Already installed.", "comment": ""}
[2024-12-26 22:55:03] success {"task_name": "Flatpak", "message": "io.missioncenter.MissionCenter: Already installed.", "comment": ""}
[2024-12-26 22:55:03] success {"task_name": "Flatpak", "message": "io.github.prateekmedia.appimagepool: Already installed.", "comment": ""}
[2024-12-26 22:55:08] success {"task_name": "Bash", "message": "Script has run: external - brave", "comment": ""}
[2024-12-26 22:55:12] success {"task_name": "Bash", "message": "Script has run: external - code", "comment": ""}
[2024-12-26 22:55:28] success {"task_name": "Bash", "message": "Script has run: external - codecs", "comment": ""}
[2024-12-26 22:55:36] success {"task_name": "Bash", "message": "Script has run: external - microsoft-fonts", "comment": ""}
[2024-12-26 22:55:41] success {"task_name": "Bash", "message": "Script has run: external - nvidia-drivers", "comment": ""}
[2024-12-26 22:55:43] success {"task_name": "Bash", "message": "Script has run: external - system", "comment": ""}
