[2024-12-13 01:33:46] success {"task_name": "Install", "message": "sddm: Already installed.", "comment": ""}
[2024-12-13 01:33:47] success {"task_name": "Install", "message": "materia-kde-sddm: Already installed.", "comment": ""}
[2024-12-13 01:33:47] success {"task_name": "Install", "message": "qt5-qtgraphicaleffects: Already installed.", "comment": ""}
[2024-12-13 01:33:48] success {"task_name": "Install", "message": "qt5-qtquickcontrols2: Already installed.", "comment": ""}
[2024-12-13 01:33:48] success {"task_name": "Install", "message": "qt5-qtsvg: Already installed.", "comment": ""}
[2024-12-13 01:33:48] success {"task_name": "Install", "message": "bspwm: Already installed.", "comment": ""}
[2024-12-13 01:33:49] success {"task_name": "Install", "message": "wmctrl: Already installed.", "comment": ""}
[2024-12-13 01:33:49] success {"task_name": "Install", "message": "i3lock: Already installed.", "comment": ""}
[2024-12-13 01:33:49] success {"task_name": "Install", "message": "xset: Already installed.", "comment": ""}
[2024-12-13 01:33:50] success {"task_name": "Install", "message": "xautolock: Already installed.", "comment": ""}
[2024-12-13 01:33:50] success {"task_name": "Install", "message": "xhost: Already installed.", "comment": ""}
[2024-12-13 01:33:51] success {"task_name": "Install", "message": "numlockx: Already installed.", "comment": ""}
[2024-12-13 01:33:51] success {"task_name": "Install", "message": "sxhkd: Already installed.", "comment": ""}
[2024-12-13 01:33:51] success {"task_name": "Install", "message": "xfce4-panel: Already installed.", "comment": ""}
[2024-12-13 01:33:52] success {"task_name": "Install", "message": "xfce4-notifyd: Already installed.", "comment": ""}
[2024-12-13 01:33:52] success {"task_name": "Install", "message": "xfce4-xkb-plugin: Already installed.", "comment": ""}
[2024-12-13 01:33:52] success {"task_name": "Install", "message": "dmenu: Already installed.", "comment": ""}
[2024-12-13 01:33:53] success {"task_name": "Install", "message": "picom: Already installed.", "comment": ""}
[2024-12-13 01:33:53] success {"task_name": "Install", "message": "feh: Already installed.", "comment": ""}
[2024-12-13 01:33:54] success {"task_name": "Install", "message": "xsetroot: Already installed.", "comment": ""}
[2024-12-13 01:33:54] success {"task_name": "Install", "message": "alsa-utils: Already installed.", "comment": ""}
[2024-12-13 01:33:54] success {"task_name": "Install", "message": "alsa-lib: Already installed.", "comment": ""}
[2024-12-13 01:33:55] success {"task_name": "Install", "message": "pulseaudio-utils: Already installed.", "comment": ""}
[2024-12-13 01:33:55] success {"task_name": "Install", "message": "pavucontrol: Already installed.", "comment": ""}
[2024-12-13 01:33:55] success {"task_name": "Install", "message": "polkit-gnome: Already installed.", "comment": ""}
[2024-12-13 01:33:56] success {"task_name": "Install", "message": "gnome-keyring: Already installed.", "comment": ""}
[2024-12-13 01:33:56] success {"task_name": "Install", "message": "playerctl: Already installed.", "comment": ""}
[2024-12-13 01:33:57] success {"task_name": "Install", "message": "xdotool: Already installed.", "comment": ""}
[2024-12-13 01:33:57] success {"task_name": "Install", "message": "zsh: Already installed.", "comment": ""}
[2024-12-13 01:33:57] success {"task_name": "Install", "message": "flatpak: Already installed.", "comment": ""}
[2024-12-13 01:33:58] success {"task_name": "Install", "message": "adwaita-qt5: Already installed.", "comment": ""}
[2024-12-13 01:33:58] success {"task_name": "Install", "message": "adwaita-qt6: Already installed.", "comment": ""}
[2024-12-13 01:33:59] success {"task_name": "Install", "message": "arc-theme: Already installed.", "comment": ""}
[2024-12-13 01:33:59] success {"task_name": "Install", "message": "materia-kde: Already installed.", "comment": ""}
[2024-12-13 01:33:59] success {"task_name": "Install", "message": "materia-gtk-theme: Already installed.", "comment": ""}
[2024-12-13 01:34:00] success {"task_name": "Install", "message": "breeze-cursor-theme: Already installed.", "comment": ""}
[2024-12-13 01:34:00] success {"task_name": "Install", "message": "papirus-icon-theme: Already installed.", "comment": ""}
[2024-12-13 01:34:02] error {"task_name": "Install", "message": "oxygen-cursor-theme: Is not available.", "comment": ""}
[2024-12-13 01:34:02] success {"task_name": "Install", "message": "lxappearance: Already installed.", "comment": ""}
[2024-12-13 01:34:02] success {"task_name": "Install", "message": "qt5ct: Already installed.", "comment": ""}
[2024-12-13 01:34:03] success {"task_name": "Install", "message": "kvantum: Already installed.", "comment": ""}
